# id  period
2536241964258088320 0.58899180
2638915012894951936 0.46939781
2536827282401261568 0.52701901
2643864395767909376 0.58752311
2551464805823863680 0.56329810
2536319582906997248 0.63545115
2536781236056128640 0.51594205
2506900736261663360 0.51543650
2530993372488386176 0.59217555
2689680353806897152 0.53647585
2465038759474306176 0.51968590
2675001912231333632 0.67488459
2642674380589172736 0.57020416
2533473698921655168 0.63679322
2547549857234790656 0.57098273
2548840099770589696 0.55506268
2547009241111707264 0.68039908
2449745274287259392 0.62577956
2643929228298954752 0.51598792
2482520959996380288 0.55825884
2544136114148222848 0.60983379
2543884600864118912 0.60742638
2738420295517290368 0.54800877
2645480948442878464 0.49828689
2682199963886585344 0.50031000
2681969375682189824 0.56620828
2500224089340291584 0.50248781
2466017049945104128 0.52111882
2677368611010028544 0.63144273
2641727323120509696 0.65509358
2546229378129314944 0.56257941
2443892054200498176 0.51445654
2485377555629125376 0.55208438
2501495880696267264 0.63009183
2449651472201635200 0.64724767
5173509045445376000 0.46477818
2738382847698520960 0.64175861
2642125891790355584 0.61328620
2533266715857590784 0.53102187
2543747883465202432 0.55583785
2449864468219733376 0.64198017
2500678050204207872 0.65899204
2535351527342946048 0.56299088
2630031989734591744 0.46522021
2507300065140347648 0.51344541
2686337774034805760 0.63026420
2686022416060561408 0.56155602
2464543734428251136 0.58972562
2688868643643546880 0.59298839
2690549041008132352 0.61058859
2689676574235662976 0.57939951
2507056763833489792 0.63927108
2693327060214691968 0.57780013
2501360507622650880 0.48586955
2653940316029389184 0.55479666
2680049770114467200 0.59136462
2679910510094789632 0.56423677
2488792157709079168 0.62127300
2688768553725670144 0.56955491
2465539617085028608 0.56132169
2558213883072944512 0.61431019
5187948480681001984 0.51943264
2506238594038434176 0.79785194
2466153591250385792 0.48909971
2688066751774885504 0.54544533
2484276536468433280 0.61048605
2680656180841875840 0.49581218
2512732614654191616 0.49629312
2511088745986990720 0.49978736
2480784139645621120 0.45107184
2494868402561527808 0.72300304
2485579801344728448 0.56628007
2508075220838550016 0.55768034
2507183658642457216 0.55212612
2486254965908430976 0.77454128
2501273607549180928 0.49308215
2499694743211755776 0.64910621
2501829926073047552 0.53363919
2674986171176454784 0.62217128
2509715971360114176 0.73141519
2535946638011222144 0.55055892
2686108525860425216 0.60109037
2530880157150295808 0.60345495
2641075312725270528 0.50559503
2444761737834351744 0.50546460
5176609182904114560 0.54367931
2545482294337969408 0.63187201
2464743815480510592 0.45826973
2533860456431996288 0.58161085
2687779199419072768 0.49395771
2509706178834683264 0.60605772
2688923584865382912 0.51563383
1454796927433681152 0.50127377
1528538560969496064 0.69287453
2128080811125876352 0.57138216
1463915417882079744 0.63209183
4014556788279733888 0.46188339
4013811216316981632 0.55630106
4006720156591860992 0.46914947
 923270707098470272 0.62063754
 919138811120012032 0.48605809
1520324178317374336 0.44167037
1465883234457827968 0.51345893
3938269613528220672 0.54669104
 899483322787236864 0.55303402
 923442780667576960 0.49642581
3632110703852863616 0.65156071
3275195623020439424 0.36991707
3976785295394882688 0.62672785
 610579392683347968 0.54316545
 315028326379733760 0.56313346
 780156482623646080 0.63565979
1519628565414140160 0.66813919
1461194435841276288 0.64854157
1500424804562041984 0.54003437
1290953133502546176 0.45693733
1198085254685725824 0.59711399
1481133009762718720 0.51356099
4543335569579657216 0.59163159
1920740440272816256 0.42160321
4487364105534330112 0.60337191
1818159235220031744 0.40540733
 447017447391379456 0.60708242
4026678869616430976 0.61029582
3944929149299278976 0.46890759
1454798782864780288 0.51480867
1454783149183752576 0.52369440
1454873858890469760 0.49128031
1454782015312791040 0.60229544
2105004192359662336 0.47370017
2105468529864072704 0.58778856
2133132895253493760 0.43638850
3683700682781785984 0.73798585
3601610560536864768 0.57091124
 598452535342949760 0.52619270
 598640581895695744 0.49033644
3697707563270860160 0.61637846
3698339202636680832 0.62339812
3694689339428967552 0.51588149
3602370181336762880 0.56265081
3698263916154471040 0.59878631
3697444371970657792 0.47574161
3703236182612660096 0.51598607
3688533345623140608 0.64384657
3675523752244615808 0.70874549
3682542862677629056 0.53634686
3681313986635168512 0.59605310
3676707135993695872 0.54936829
 685828387940782592 0.50271577
3675420776108780160 0.56555035
 636378501020504704 0.60623282
 665456808300627584 0.56381280
 665691416594099200 0.65553605
3701307123821801856 0.65532363
3696002809147132288 0.57944964
3676649854014291072 0.47239567
3958203724980283264 0.52317369
1260480306176910976 0.60531308
1247834754226378752 0.62032456
1312081074064627072 0.51744422
3921283464549517824 0.61748382
4574358633754809984 0.46845741
4574245727654504704 0.51386433
3949281875315907200 0.72258462
3907328016292526336 0.65272931
4466932018392973184 0.67879371
4467451022240787584 0.53615197
4016842157557617408 0.54342678
1347991811022079104 0.57087085
1200715110403331328 0.58156143
3745282061310827264 0.56375712
3746700942411152640 0.59029709
4029123187043903232 0.62381052
3936953979146081792 0.66962534
1573751750413676928 0.62425275
1563232344714269568 0.50537577
1564124735838991744 0.57692797
1561290607179399040 0.64458957
3688689922950943232 0.64627449
3638228317830303616 0.57583411
4408023483915705088 0.61091276
4410452889214567808 0.51969220
3960226688935833728 0.75787514
3702715465073616640 0.66732089
1317162020375745792 0.60566251
3958056665299734144 0.47741581
4002458140284659072 0.48782560
3920714948318181504 0.60581268
 657680512312286848 0.60044563
 709223521478479616 0.53041952
 911929107217841024 0.57893416
 605046444013475584 0.56430971
 590357587141762176 0.53293273
3830552761456831232 0.48159588
 855031751302381056 0.52425526
 857515960386353536 0.51905579
 787857844320775040 0.55906214
3922374592400561664 0.55214686
3699777123328421888 0.58420809
3699931089316617728 0.72914041
1571925942637170432 0.61905983
3695743083885519744 0.58348158
1465348665648362240 0.53647188
1464629481965020672 0.53230781
1467130218083616512 0.55189124
1460036134700711040 0.62135967
1442177385806227712 0.55432034
1500489435229902848 0.54507112
1250668539288365440 0.47275219
1502583180246968192 0.54837065
1453588392356674816 0.54097359
1260564521895678208 0.53523504
1261562981533064576 0.52927588
1264746445652712320 0.57749981
1261627715280176256 0.47450896
1155456089363098240 0.58349685
1594510426867418880 0.55776564
4416501989871671424 0.47351374
1196737700107586176 0.65297223
1200009193875719296 0.47607867
1315066832249489664 0.47573243
4452752372844946560 0.47703906
1329631341227811072 0.57300964
1381110853597060224 0.48891086
1298962800833853312 0.71833557
1330968484805659392 0.56109728
1356816216468456576 0.53245574
1327485747365011328 0.54958551
1536680719450671616 0.55967222
4002438860175869952 0.55211585
4002290292962901632 0.46110892
3953442289875737472 0.67174127
3952850134144617216 0.49689737
3932665162242806912 0.47981768
1339037972441141120 0.51118361
3938423098479656960 0.48477196
3939789172957825664 0.63048728
3950137638959550592 0.68912443
3950243462657374208 0.55138408
1467140079328486144 0.59578717
1245126279130059136 0.58713967
1205715968460498304 0.53607303
1465094712821981824 0.54607510
 783130665875893376 0.49586842
1016707892421518848 0.50705363
3695996796192922752 0.58585620
3840629540712053888 0.61831600
4410159972446863232 0.59866036
3694541729993211392 0.55625223
3696000403965443712 0.61716098
 782648319570158080 0.51888532
 762879723272830464 0.62787991
 843563432708710272 0.48621688
3793864940361095680 0.70216444
4003889532625084288 0.46215045
3901756893953872000 0.48579126
4010205608452016768 0.53447143
4016759762905092480 0.51254334
1465224730072123392 0.60379073
4407657380899819136 0.64681433
4359473100581531904 0.54427530
1298120815444556032 0.55024956
1299533138131591936 0.49600544
1327120640785327232 0.53458754
1356628749735716736 0.64587108
1358585154583031296 0.62106252
3975207534864748544 0.54377235
1574545357290594432 0.64481528
4431597116290673792 0.64711136
3919273797811740672 0.58929124
1218720064281270016 0.52674274
1218791876134358016 0.45539274
 696312196952238976 0.58455286
 697247743908599680 0.55323102
 633961568304132352 0.51939731
1164756892582723200 0.50196179
1502320878004162688 0.49667134
3670736130724150400 0.62202031
1493199741856740096 0.51952876
1307577027760741888 0.56238145
1308069913910408704 0.64985552
1377824928737181568 0.63785007
 646239784586843776 0.65635671
 812956671123226496 0.54333117
3957925514178507136 0.48343603
1331030023097149952 0.56311233
4032517585597417088 0.56238572
4032078536860546304 0.51755695
3710721249754231552 0.62173607
1264438548037250304 0.77122388
4452397745985690112 0.53184917
3715995641391944960 0.49006572
3717150266039895168 0.56655748
3717235542614816768 0.46709881
1173845833654557696 0.54363359
 623022630198845056 0.52437997
1181628314394824448 0.61560418
1289019642305361536 0.60571280
 604500502130727936 0.66470190
1532475396711803008 0.58741581
1532160558429529344 0.63136367
1533135614789051392 0.48867118
 766873042130878336 0.48819733
 767240661266672640 0.58490771
 767825154776452992 0.60053956
3911998638608654976 0.60813541
3960987654061481344 0.62239483
 693554003315091968 0.58312005
4575461890593262976 0.62254858
1234400783719045504 0.46826588
4456432403902651264 0.57982706
4456434293688263296 0.52604907
 742472577007723264 0.60612947
4006439467593238144 0.66600165
1334980602736047872 0.57686769
3734384286172058624 0.52334536
1489387906842053760 0.48490401
1489166114730568192 0.45816813
3704618925859699072 0.54732108
1312842692024955904 0.52810901
 700288679536492800 0.49322223
1267531955282498688 0.56174438
 608226781396784512 0.65043485
3933412001220749696 0.48750759
 725662285464650624 0.57619504
 776930210565393792 0.58873444
4013131374533703680 0.65265474
 687985320516473472 0.64788965
 704065849871997568 0.53372686
 755036765098123648 0.48756316
 756572954640629248 0.54005593
3724504658799634816 0.55435524
3725005555065574912 0.51362940
 746675464500142848 0.54773318
1268461626723510784 0.57894802
3981758871818873600 0.51438062
3712303928022167424 0.48387306
1541023721662446080 0.59282053
 912445121769803136 0.55422984
1457024469272640512 0.45596778
 812539406461479552 0.58128909
1261882836337495680 0.65265935
1262992827685723008 0.57341839
1514076203492909952 0.53236200
1388378556736812032 0.54607259
4439611971945752704 0.58031658
4440521439859208320 0.53464769
 807666474005693696 0.58115724
3919205971688248192 0.57056846
1330694775129784064 0.75785505
1352936692768925184 0.60672281
3893927924487491328 0.59112975
3893984446257120640 0.57613775
3894152877694572800 0.49101600
4558801506294288384 0.62869340
1201630664288062592 0.52753136
1241696180808694528 0.46007162
1379989626614361088 0.60838369
3667828162987142912 0.56706139
1275030757727244032 0.56776077
1517315124230980224 0.64781982
1476301553808173824 0.62974045
3674717844581028992 0.62109100
1389433469424654848 0.55618512
1390370936230828288 0.50601888
 706631285377114752 0.62298762
3937972676669076224 0.65192019
 694842287344893696 0.53271660
1287052719086555520 0.57722418
1285983512743696000 0.70456051
 591945999191164032 0.52281644
 810261733763836032 0.51153969
1595827813595793792 0.65964330
1595323236542050432 0.46261113
1025222441746548864 0.52854103
1054940037726468992 0.67162029
1424627973340406400 0.61263218
1577880176057934848 0.48227947
1615209695332501248 0.53422532
1554322589678566400 0.53347644
1593872160367362688 0.51605121
1045837563212574848 0.61115106
1657603221567561344 0.51964846
1659119757339487872 0.47913720
1037688635863106048 0.53039311
 819234504560502912 0.48304639
1368903285232020736 0.48233276
1020363940381749120 0.55922693
 847844346871485312 0.71602297
 832882673676352512 0.58858853
 833085945888534912 0.60102021
1531012530853677952 0.54902369
1589977346585245056 0.65631116
1013692481781238784 0.45745366
1601294241811866240 0.58435453
1048297617401010688 0.58862175
 784629025343470720 0.59091406
1581128854960930560 0.58025686
1582948993381586560 0.59627218
1065681068034602112 0.46986459
1015642431293727488 0.58305349
1016919479689947008 0.60250695
1580506634458411136 0.61858960
1553645359234433024 0.56202655
 824295419144173952 0.54907432
 825998837533547264 0.58774361
 825497735109597056 0.53506781
1544865617151308672 0.47017466
1058912474454034560 0.46273033
1059744598597646976 0.45758113
1512185249652379392 0.57143026
4415013732163213056 0.74286787
 635304797851431424 0.55594588
3812655151698493568 0.63251723
3798974237751712256 0.64584834
3796661032789738240 0.52438508
4018695968521795200 0.61676637
1579190896998225920 0.51324561
3688390031154287360 0.45680936
1663532647257282176 0.63006378
1505063712839463168 0.68870093
 632530794438571008 0.45501505
3944840295015620096 0.66674705
3722598380514921344 0.47137188
3863758729875450624 0.45570055
 804188959250536960 0.71808285
3795296680595186432 0.63049496
 657677110698192384 0.57192412
 657925978283612416 0.62144301
4466255853102378752 0.67821738
 839368005575354240 0.65895041
 773980323947809024 0.56956753
1395400175430908928 0.62456705
1556299889541731712 0.65245007
3682043993636579712 0.52228551
3602458593239798528 0.53981516
1015351954065302016 0.50145442
 913106443652917504 0.72175657
 706499996817231872 0.64939907
 660209595214858368 0.53061812
 713078993361448704 0.61601859
 817359012601321472 0.58562780
 699138629030122880 0.50234643
 644916208810347136 0.53871939
 801001681194443136 0.58963154
1046279635606572800 0.69784207
1046417830474160768 0.61221065
 744128819476073344 0.50104409
1045699299625577472 0.56289892
 851446175164687744 0.60063439
3861510091157167872 0.59215220
3781993105294063104 0.61995295
 806073556536029952 0.62253083
 748920358006583296 0.60612744
 727369479129926656 0.60078779
 736787964453532288 0.80432163
3989905806304109952 0.62350438
 832831408946733952 0.63318571
3968410010383892864 0.62531939
3810443896376214272 0.58214022
3589673334592264064 0.48883894
3813895778771753472 0.58075146
3910837176372087168 0.61745868
3916509281982042624 0.56473994
3899088035636281472 0.60710595
4027468903080643840 0.67963516
 841806413126727424 0.60786242
3892908780288168576 0.61884026
4012943254966342400 0.59381703
1572446904990201728 0.45385751
1541375221784616960 0.73352882
3706896667276496128 0.59131477
1534440395789336704 0.73647917
1534208914231969536 0.62279805
1520939767390027776 0.65547956
1569634869642458112 0.52752490
1576302170714121088 0.53099541
1527821060913672576 0.68983933
3941213109235068928 0.64226474
3692569584089297536 0.58981485
1474015909651951744 0.52031703
3936774724391121280 0.55423238
1566835856634396928 0.53781630
3718101000000329472 0.60390888
1552437099034888704 0.48900416
1475412392498476928 0.53766673
1498913766347349120 0.68842617
1296468764863594240 0.66729985
3651271033996833920 0.53501361
1294945666381185792 0.46436960
1288239126489900928 0.58235383
1155374072667838080 0.53690276
1212145122185127040 0.50845068
1215328826822598784 0.55417038
1589395739292801024 0.64734899
1278880014793048576 0.52814737
1207992850882594560 0.64650440
1220940459297407232 0.52677153
4427220475895776256 0.59927905
4428085718531642880 0.58168875
1216204793995295104 0.57442377
4422581327100436992 0.71151491
1373009239607944832 0.86063215
4426793212552412288 0.70601377
4425239121585458944 0.55647185
1204623912896198656 0.47196453
4424981286107814400 0.54193450
4426629350958512128 0.47354822
4426666253317530112 0.58553662
1383232533081677056 0.68955826
4456414880435961728 0.63289537
4450063792037290752 0.81686124
1321815050504833792 0.61765601
4437678686904297344 0.46293374
1199020423684197376 0.65729765
1380689946802352256 0.56652117
1425270779621041408 0.81411429
1298126278643050624 0.60229043
1301247276758720000 0.70421009
1300357084657241088 0.53844369
4565345524624212864 0.60972977
4564664823847668992 0.54943824
 841503875630530560 0.68646051
 864342278327329152 0.51753791
3693456134059296640 0.41613709
1660993359512718080 0.63985481
1615388056734651264 0.48314004
4454328728921355392 0.44013674
 841819298028588416 0.53352128
1284889837975272064 0.56436311
1279487318872809216 0.55105080
1240106871111082752 0.45463582
 696699087606422144 0.59994924
 696913316278537600 0.66496802
 634268710005596416 0.52758468
4451268135226875392 0.60965218
1165508443140102784 0.56016625
3930038497683965312 0.46991498
3930463355848781952 0.58394863
4430275533376329216 0.53129678
4430321098690102912 0.58553961
3955324241466499072 0.59003219
3955761915813116800 0.61969101
1493432116767737216 0.51253930
1493499839812007040 0.65184652
1480652905435076480 0.74719592
 753572941459591424 0.61059031
1377454393318861824 0.52466511
1315746021198353408 0.62696403
1316923598150768640 0.58724423
 813047071595026432 0.72261617
1330949101617006208 0.50204502
4032748345600253824 0.80860382
1305272142150939392 0.57869024
1470133946411842176 0.72220588
3710124386739103872 0.56545520
1265310838715065088 0.59471026
1309195813818240640 0.58695985
 685465033707458176 0.58925090
 686566984876635648 0.57226717
1462183854571060608 0.48207710
1166450690244886528 0.67483003
3921891563198626176 0.58279109
1391656029100605056 0.58265741
1391950492058399488 0.58096729
1393364910688739200 0.58732880
 603823714068589440 0.53918750
1532419076805906816 0.52749156
1274392358084656256 0.52667998
 691674628704562944 0.64444407
4574366089818046464 0.58296129
4456722331374849920 0.61150302
4456515039074017024 0.61726452
4009676296682624768 0.57069140
3741551761955220480 0.55441587
3741275539722260096 0.60990368
3736959308044410368 0.50232515
3736472774148891648 0.52697081
4006070413939469824 0.60152565
1334599720740513024 0.72742556
3734740905896257024 0.64088479
3734023337120307328 0.61257875
3705011554589969792 0.62041484
1314060160634591488 0.49593152
1314865686044626688 0.46430137
1313544901997725824 0.55416467
3974155061718218112 0.63915562
 699047743225863680 0.57204874
1184031365777370112 0.63142934
 647127674586003584 0.50869630
1448004277741421824 0.58515108
1215634727277778048 0.64369170
3932255284923880576 0.51277312
 721399204006041984 0.50002616
1339334943659897344 0.62717212
 808591674384301312 0.47830383
4014319633070683776 0.62688442
4013560390226919424 0.52714678
3929194790012505472 0.56987812
3908238583719801088 0.60360142
 747271326787477760 0.53269652
1269016330339587456 0.55295095
3713054512211657728 0.51988960
1208395684455287680 0.58579255
1458709470844031232 0.55922289
1459066056208131072 0.60312159
4465462521102411520 0.65055700
1513570977899460352 0.69585643
1515138572243173248 0.60157144
1388055265958821248 0.53014566
 744774164082548224 0.56774129
 806206872321130880 0.62978676
 808063397703629184 0.59016149
 583387263241743744 0.55260016
 584876654820789504 0.58019525
1351107483377452288 0.69592719
1482413154831729920 0.56917699
1538170179748902656 0.52252468
1470709265871210112 0.62366042
1471878287249220352 0.52760873
1470908861590954880 0.50695202
1200618220237788672 0.56690428
1201281122669949312 0.46659527
1200982330385261568 0.50011338
 701380258361372672 0.52011261
1378254769064642176 0.60633203
1379490379616035200 0.47255097
1210418717130574592 0.53074711
4562950513421514752 0.56443420
1385755018913829376 0.60743629
1475662015997888768 0.51863902
4572341785831930752 0.55604851
1372308610182026496 0.48872294
1373239518573555712 0.52817404
3704049584995478656 0.70877396
1390924647709675136 0.61047578
1391438531957057152 0.52725859
1203792097991227392 0.65315655
1203239455958130688 0.55882332
 694774456924573952 0.74901235
1286213619914007808 0.56799466
1286414830543641088 0.57670485
1438041882055858176 0.53686643
 828629693980693248 0.56266340
 929863859854122112 0.49215954
 839222011046728064 0.50450586
1398020998834658304 0.67432087
1423388072117389184 0.46761529
1573678392372360576 0.67813352
 852361209357251200 0.61786826
 930281468113785984 0.62969292
1576667650955315456 0.60646724
1576712288551499520 0.65980229
1051463214456622464 0.59153537
1605550863640066304 0.55480539
1399666452345333504 0.57796749
1593176959781266688 0.46396281
 829698728523895168 0.62829534
 853655094024940288 0.57753003
1011184182225504384 0.54934546
1563847899426765952 0.45036577
 821670781809971200 0.59956790
1548151511948988032 0.63195754
1503935098513146240 0.59169674
1027210251394566784 0.65164059
 789241476626692096 0.52379052
1543823799823771520 0.55505629
1420394509976448000 0.52712941
1612429889420063872 0.54467255
1677475863446964736 0.65094455
 936666744453038592 0.45831491
1013918122184032000 0.54726656
1038690733336406912 0.53506951
1402289161239059584 0.68444499
1589432706075593600 0.51775277
1545147062064160768 0.64869356
1512802006955592832 0.58063191
3795728135829088768 0.65829688
3676124566629858560 0.61442557
3676521937004164608 0.49008635
3591327201943294464 0.51793593
3565101414374993280 0.63354083
3892189179991389440 0.61890699
 930033459522197888 0.62151804
 584201215379490176 0.70693532
 814997055466896000 0.63092311
 797896076242545536 0.52035681
 824752644182885504 0.61065002
 833396729723399808 0.47525767
3818727200367235328 0.63208869
 786686692642260736 0.55691523
3941099825177958784 0.62836063
1557115555370606720 0.53016394
3938593969458313216 0.81767864
1250965918528521856 0.62997816
1244104867187784320 0.57905478
1254029879478456704 0.66017009
1224034347575844096 0.54102431
4423649227773105024 0.78700476
1223767097530749312 0.53104392
4425107592507039232 0.59758142
1201178833728810624 0.70442732
4572484649326565376 0.68745572
1494265718380083712 0.76592419
3844648122567789952 0.64158135
1443813046791006080 0.73084582
3732262572327157248 0.63679291
1321021581066943872 0.73088730
3849924159178034944 0.61151876
 838550896636167296 0.60202144
1397737561056686080 0.52816524
 841203468437919872 0.53495862
 854898847834477056 0.66365198
1541072134533908992 0.63649230
 784425340814348160 0.48694624
1081619829109244032 0.52135388
3693851167971369600 0.62670203
3681638376924932864 0.56648736
 929331485771814400 0.54680705
 679848144197306624 0.53001383
 916155350741746176 0.54093523
 911155768290783232 0.56069541
 708162458397980288 0.53675894
 913462582341271040 0.63159957
1029167725689524864 0.57679108
 719526357748159360 0.55074896
 912890664496728704 0.79218152
 689645956735910784 0.57515421
 689845900349479808 0.61157858
1017537267785524992 0.61569629
1010155795255890432 0.53000294
 584923972475912704 0.46913301
 636872662777627648 0.57051112
 797526743414637056 0.56112802
 798924630714437888 0.59000555
 619162519751422336 0.57556285
 799297949271287168 0.65937475
 824371246791344256 0.54880529
3848284482398765824 0.63320548
 793522283410237184 0.64526035
 643872398613307648 0.57894118
 795479860784150528 0.64693830
 802810648404085632 0.51493270
 740725830988164864 0.61074167
 809019285625348480 0.62116666
 834383541407917824 0.69210609
 805850046439044864 0.61437500
 833209915825908992 0.55810966
 734826435709203712 0.59589764
 762957135763399040 0.61444737
 839325090261748224 0.53734032
3977848183836969728 0.50752392
3593267157066904960 0.55711148
3800143774526808064 0.60715227
3797373245742493184 0.52049849
 784400120766328832 0.61090068
4003873619771087616 0.52627454
3893146618397536256 0.57971926
3601122239935174400 0.55986556
3892033427297406208 0.52856001
3919034168700788864 0.55134455
4006788012779762176 0.63536889
3918892782673132544 0.53952497
3950989790534652672 0.52515279
3920712886733897984 0.54907752
3902075335713476224 0.54297042
3945841469072629632 0.61494858
1535258393785510400 0.53293435
3706842030996254208 0.58990047
4015784564810889216 0.69408227
3949324614534373504 0.52943110
3932186870389540736 0.59622346
1534554195242787456 0.58512284
1540782344499687936 0.58425754
3707580048112676608 0.62779952
3935944249514199296 0.58186269
3928425823363347968 0.51960023
3955465219472902784 0.49435086
1521796115149478784 0.59236698
3690049400359203840 0.57107529
1517051310158580096 0.52282056
1516625863582921600 0.61633070
1467469589218960384 0.57072970
3941658170926054912 0.46390552
3941747128288704768 0.54190018
1523981909906335744 0.47959807
3939858682708171776 0.50654022
1524544756780910848 0.55666337
3717309965807919744 0.60294446
3939310881103504128 0.55980280
1449474741399973632 0.62513128
1475314192366392064 0.59883608
1476671676909477760 0.66886322
3636936009414975744 0.57762316
3742304961779519360 0.58849226
1503936404183206912 0.72063425
1500690061742103168 0.72035160
1444184990958808832 0.52269195
1251935893942612736 0.65784149
1503034323612048896 0.56960034
3724149993285209856 0.67762375
1607915157237788544 0.58255204
1606995896796706176 0.56738694
1286675414798601984 0.55889973
1275668100813954560 0.53498478
1291540203992185344 0.61426998
1292472830370502272 0.57110904
1214478625160740096 0.59131105
4428370049661990656 0.67350960
1375709983761568256 0.65908043
4423769727371409280 0.57493486
1396404270065043840 0.64401754
1224574517022791552 0.50222878
1384219344767684480 0.46593322
1223450472541278336 0.57217492
1193390408754968832 0.52604376
1383517684550224384 0.47224852
4449926176987913344 0.55387009
4425893262283627264 0.47675574
4457676260791476352 0.53797251
1383422714233536000 0.49270475
1200077565457414912 0.73760202
1323969539243103104 0.51240969
4457188558665336704 0.56249138
4456495247864690816 0.55029563
1378771058493720320 0.53257065
1317669994747654912 0.53242105
1385492098195798400 0.46196722
4438156802663173504 0.62050006
1423201017701436544 0.51297824
4437920338945055744 0.48951706
1325214603018948096 0.56861370
1299130545075970176 0.57602421
1325749962102186880 0.51246382
1298101299113229824 0.57005326
4465990866502358784 0.45866265
4461116495236817792 0.58791884
1324822386605440128 0.63610670
1355750824060585088 0.52879892
1355785664835468928 0.46571004
4566471527610474624 0.56972057
1299895182397669504 0.51186330
4566477265686965504 0.60133160
4559867688975938944 0.51791479
1313330561653634944 0.48699575
1309911527168495872 0.49464042
4599397945195522816 0.51430420
 690072910844561664 0.60917133
1529970262549197312 0.65178004
1585338472666848512 0.58749001
1595678859834540416 0.53095732
1313407978440369280 0.58775780
4561635291357499648 0.49861702
1660732843976672896 0.52659946
3927501851343651072 0.62102930
1031936987458571136 0.58939178
 736086995725788800 0.56611887
 846273900669074816 0.56342578
 770105507532272000 0.52673553
1506649174246461440 0.60067748
 845152158290404096 0.59443190
  63201135252058368 0.56856253
 604767752175631744 0.55799658
3698088617065361792 0.52248978
 145436015076362624 0.43519569
3407338675658659072 0.46336320
  40148533946799488 0.61822526
 686327256981818752 0.59744381
2433890999513706880 0.56114110
3406613582100606464 0.42765574
 603398516602484480 0.49645545
2577579375214836736 0.55697803
  61530255535167872 0.58118965
 675563381744088576 0.57183787
 675574960975858944 0.55790658
3683409136105977344 0.51319598
2437205515970613504 0.71413098
3303225709169790848 0.56128597
3303340578072257792 0.60399752
3304859342930794880 0.53058131
3794039453472320256 0.62803112
3695430783927285760 0.57044422
  38605953492524672 0.64413707
3075045401087186048 0.53704901
 612591803903942016 0.67386446
3706519844025669888 0.64505149
2802569587748136576 0.52507105
1239603363504114560 0.61708632
3956737216986200448 0.54164023
1258317631228962816 0.60091787
1378274663353222912 0.60742783
 657203427346091648 0.66093727
 609962257422780288 0.52464490
3079814330909986560 0.56151013
 844866903743018496 0.58945936
 786705418699669632 0.68113593
1462990385006034944 0.73695879
1279159050227582208 0.46672848
1424482154906384640 0.60230661
1303492513862128640 0.73667178
4490885841278442752 0.77774286
 578526532789233152 0.48048431
3697671279389796352 0.46666609
4415977591544125440 0.36462137
5764606462177981568 0.61261132
 368336773262512640 0.65530374
 311840640307201280 0.50388047
 303241359867267584 0.45678594
 106337278511338880 0.55820891
 169838266908419712 0.56878812
 975908314449180672 0.61939684
 919702035951302656 0.55494449
3079121123188535168 0.46940892
 690888512251408512 0.51015231
 702294777158642688 0.52173565
 798822827106143232 0.52614784
3821109605841933440 0.56402589
3824276233689651840 0.58764859
3972402234025292032 0.50247024
3945610468551775616 0.59828505
1455873383677767040 0.52338082
1257428955251308032 0.55339637
1507677973533087744 0.45879774
1290710175792391296 0.55599721
1197500245782607488 0.57361256
1191345695083956608 0.57125547
1381834504046491776 0.60897828
4439020022368995072 0.63781434
1355794701446514944 0.65353093
1426385924930131712 0.62958216
1354588296672698368 0.68229540
1432486084160819712 0.57196305
4571979531110558976 0.68353074
1418837846324865664 0.47705893
4574002151468939264 0.52973929
4555002212591497728 0.57527243
4603827332085948032 0.62467132
1730985830196212096 0.59544542
2732532930441921152 0.52565810
1921524735659618816 0.60307122
 169659115231463296 0.42698419
4571132529200188288 0.80594558
 841002807565897088 0.59298860
 670532875528604288 0.54090565
 172314229650814208 0.47988224
 923975936431477632 0.63530821
3950073386248202880 0.60092491
 369287232346295296 0.57890737
3067026220409673216 0.54158241
4435727053763756288 0.60430394
2108738924120624640 0.63495523
4552426606597830144 0.63094666
 972437259319856384 0.56437732
 377004021562940928 0.48541685
4475456360246369792 0.55364942
 599099323058438016 0.55249872
4383725410809996544 0.43807150
2770371454881560320 0.55379470
 644849280334780928 0.60795899
 803149748959744000 0.75117903
 368702468253868672 0.59693338
3922877687689736576 0.64338200
 652841252402785920 0.61643153
4434565316650180096 0.46483652
 582943919537481344 0.58663693
4449145837265847040 0.58593341
 365923486973846400 0.59617751
3169060315347913984 0.52099439
3091647584287333888 0.56141880
2818675543310377856 0.71660427
2707719495623353216 0.64650473
2827206172994041600 0.52757997
 373700435798463360 0.55093095
 872641215999936768 0.63657538
2860918848769135104 0.49063923
2877713167329075328 0.66616460
2761681636529462144 0.49377803
4490337459853237760 0.50620059
2853997113834428928 0.45095959
1730643744641402880 0.67373234
1730368724998872320 0.54974182
1729649717410165120 0.70459591
1507811014439954944 0.47207316
1628747982005703296 0.53183949
2426546197415834496 0.52359022
2666553745919648384 0.54850492
2470173616216090240 0.59252489
3362670191147451008 0.58786532
 671551538692639872 0.68982648
 675237754503574784 0.65368571
 670801774841145600 0.62529495
 669367839880113920 0.51674363
 655680775540592896 0.55630804
2798293518308402176 0.77693568
2562699031520888832 0.77925076
   4235220006525184 0.46641585
3251423563153021184 0.64033173
 878478252649667840 0.45288009
 877560710196570752 0.62965404
 595370015839595648 0.62281727
 794754221766947200 0.65566775
1571441504685677568 0.65168533
4452473814147771008 0.51968800
2125430605844418304 0.58691895
2721284578596687232 0.57685149
4454989329251784064 0.46563412
 667538871006722432 0.51474254
2470566794701936128 0.48310444
3203519662598112256 0.61262047
2848083321824721024 0.59064474
2880246201601060224 0.69132134
2877686469812402432 0.58379156
2856474279171344512 0.54510097
 380026097990259840 0.64886301
2862470087876282368 0.54449201
2776376712513580288 0.69139478
2809055606840550784 0.47545587
2777915856993790976 0.56535703
2784222380812820992 0.52569575
2568079148073936896 0.57607601
 101790213814763776 0.59350725
  26892306364580992 0.59352008
 130317455315535872 0.48797096
5182030638517756416 0.49268211
 224476882342567936 0.57001391
 223347615179323776 0.54999843
 218513612308131712 0.60410305
  66420299140956416 0.59885854
 163520404373718528 0.54001127
3314272163193610624 0.62884032
3308112870853841408 0.57037299
3215272170588319104 0.64130448
 976575065172026624 0.61728013
 879302091803868160 0.58016032
 878974785229882880 0.59540381
 932425515788409472 0.62428200
3097862539404222336 0.51951652
 876916293302926720 0.61589764
 876137839070904448 0.61119042
3069398073145364480 0.56231319
 582364034528745728 0.56539456
 597009220173264640 0.48712300
 706120081189906816 0.58231291
 635766627094916096 0.64154746
 806723402267841536 0.64550753
3789677106728873088 0.47082279
 768364499589240064 0.61048498
3976584467019800704 0.58258826
3891787828184023168 0.46277559
4015214845989598464 0.63640031
1518626498004294400 0.61791101
1524274379999174400 0.58412058
1554494044772634368 0.62481868
3744190177544599552 0.59877575
3642355261710016384 0.61535494
1479635925899133440 0.63952354
1236419658866435840 0.59046134
4427105439491336320 0.59643556
1196253502675947008 0.63358829
4452126819448050432 0.59286269
1332958429053620608 0.65593840
4432431336379060096 0.47761821
4434428908488644352 0.64992839
1427478770768564864 0.58202687
4386212574831976960 0.60513864
4547614761457760128 0.60679146
1420324970160999936 0.64078262
1335006853576155520 0.57860524
1434401257322242816 0.44736117
4607038936831322880 0.62603474
1730825542017171584 0.50684527
1745975266063238912 0.67065000
2679091614450130688 0.60970965
2730911593172003200 0.51643395
2731562439631794048 0.55959360
2656188168768269824 0.56724305
2718871189228949248 0.61908935
1927763776953217664 0.47281227
2836890224734755328 0.51202786
1911728361934556416 0.63466886
1918113638274542976 0.62561945
2840862657166708864 0.56310230
2871994023237791872 0.48247620
2880358592304959872 0.81988478
 856465583184478080 0.72811970
1477234833020714112 0.69475571
1288449305011972992 0.73968587
2111260138641873152 0.59613433
1890435632068046080 0.61114104
1164327361493202944 0.72049206
2830989558145401600 0.48920736
4410565481779563392 0.63163523
3988979261599622912 0.78024621
  74041563986640000 0.58900528
2662981290906976640 0.63107839
3717122773953817856 0.56108920
2816363231701211520 0.58534829
3924385182555298176 0.43719297
 650820964208964608 0.52949445
 600595998902787968 0.58951404
 581936152706922240 0.57989473
3737478964727262720 0.62706064
3733778627063734784 0.51354719
 320412467317173632 0.61985480
1321563434140301952 0.56251281
2713400844002941952 0.62176849
4462423157428919424 0.60509131
2715064061498469760 0.56803644
2715572718769693056 0.62624445
2701488494509641344 0.46534538
1335363228485847424 0.62499510
 809596013833325312 0.60777460
3929178366057992832 0.50214258
 754790341349481984 0.49331047
3939848580945093504 0.53905761
 654338546720348288 0.56741467
 596221690674036864 0.55294099
1261150802111646464 0.49560970
2111008487918355712 0.62414365
 577776867722849024 0.47981835
2719538077391276544 0.72894453
1769533539634579712 0.46242608
1351905385222274688 0.71480817
1348739753806476672 0.63872376
1466637946111648128 0.62357777
1379475295690880896 0.75254956
1210115659942681984 0.75037179
 378908577563329920 0.53615567
4571184790362240384 0.47825715
2683079332670433664 0.62298564
3746006463379178112 0.51116720
2857733834165654400 0.68907383
2794509029349718144 0.54771588
1437540848351064832 0.53867251
1611788015147095040 0.66960493
 782921071476541440 0.63608660
1550252949249478528 0.60594575
2160332850120907520 0.50816087
 842272228100898176 0.61064471
1633775838225248128 0.62303053
1420767351792676864 0.54484729
 857401709960860032 0.55190321
1009823266003684096 0.61453460
1586807007884877056 0.75104328
1660440232148894592 0.52214726
2424885209008171264 0.58458860
2425160228649176064 0.59085449
2470998211281162624 0.50119889
2434630867759464832 0.65794447
1306930514923721216 0.51722398
2741072150060907520 0.64185669
  73669241861606784 0.54651787
 867543777014351872 0.57545005
 670488036070197888 0.49521093
 680915598189205888 0.56361923
 681042828004070144 0.47520727
 655572748523360128 0.61919820
 676068091940765952 0.69961607
 656344292151029376 0.64572850
 663638971983488640 0.62901844
 655996399800511104 0.53203154
 609986992138170752 0.57943963
 874163872102130176 0.46740565
 906445499132732032 0.65125031
3091497226072560384 0.55553398
 800813454251637888 0.68300493
3826251575048380032 0.73370387
 783252398130297728 0.50716280
3813307986727460352 0.56692703
4024051273048504576 0.49125318
3949003527075129344 0.78107900
3927172032215032576 0.63331286
1520957084698270848 0.64221055
1517361372438788480 0.66948764
1523598042909234048 0.61395395
1444976909913197568 0.54393826
1318493219718962304 0.61507812
1330255412859793280 0.58678313
4438006203931222272 0.54071729
1424259465145828736 0.57065283
2689783746555614464 0.55045793
2831426815879711360 0.48481454
1875977088521447424 0.47586021
1167945854259923968 0.63996988
4571414760091217024 0.54504301
1612491187193273472 0.60881918
 654146265327969408 0.44930885
2774083440496341504 0.48514981
2798636119259501568 0.65677307
 379490807626518016 0.57043495
 378333709076623872 0.68260751
2857008298225107712 0.60438146
2780511009377599872 0.51976765
 361533441986277632 0.57416328
 367121473611940352 0.76027104
2775942469844575360 0.55785396
 370961449252889216 0.57394219
2473108208454364032 0.45095818
2471730833918368256 0.63500552
 313660125892768768 0.67047053
 307028146631847552 0.46775725
2458797961539729280 0.48392262
2464981069473582976 0.54723832
 348128166158130688 0.62370962
2519274365242329088 0.50755161
  29593046224204032 0.52154391
 221633820147957376 0.49408136
3302625788138190720 0.57108305
 167515853532343552 0.50295091
3197490902903526528 0.82591513
 164305593115292672 0.59134827
 175949897991163392 0.57555623
3205266408616675712 0.56514243
 925459044475005568 0.58049493
 894546927895351680 0.57798118
 867781924360943232 0.56409842
 935972398564719872 0.57673080
 654341909678113536 0.55783750
 680833478414583168 0.67015358
3091232621726531584 0.51897382
3093947139840214656 0.60042100
 595386783391970944 0.55612520
1013668013351671296 0.55178021
 581311630102305152 0.63552695
 718622554893461248 0.64003865
 825815150372497152 0.56312171
 824562836691917312 0.53082309
 797404040492897664 0.56969998
3824534820785556864 0.59743965
1021649853589761152 0.52821198
 828091066426154368 0.53848841
 796489835231384192 0.70417071
 744466232107315712 0.59100292
 626468430920516352 0.51596450
 829067501471307648 0.62345145
 730702511191270784 0.63163319
 857695142126322048 0.58844252
3909452405900847232 0.66499541
3923011342776630912 0.71713854
3910158154926814976 0.72645517
3911960533658795008 0.63108391
3919853167424601728 0.57035515
1540082604131453312 0.55560343
1540163246437220864 0.60100267
3919168206040354560 0.52338104
3906342819514718208 0.60529756
3920446770560452224 0.58151923
3901363092696949632 0.71938338
3903287959599931776 0.61343209
3710878235102435328 0.73250167
3735457095987053824 0.50839696
3734004744205703424 0.57958214
3733727323678454272 0.53965145
3692293945972556160 0.61407516
3737138146187151104 0.55195135
3690836410166419840 0.54873252
3715833222908404096 0.58772753
3731696628781350528 0.60779884
3939461037455804160 0.61231345
1525137530986969600 0.62596976
3740023573935828608 0.62359000
1444938117768996224 0.61069019
1443008410438299008 0.57591521
1441812897701323136 0.61999750
3726151654203345024 0.60095069
1443574482831950464 0.56140013
1286592882706223360 0.47213688
1593600855873448064 0.55232910
1275953351061749632 0.71002004
1263953315516556160 0.61069386
1395133917522137600 0.53403336
1389220507766090368 0.81413447
1389414154955919872 0.57822727
1594848694195299200 0.51214170
1370045329919092736 0.54857003
1383004002166106752 0.63351746
4425296090031705344 0.59901559
1191528862552427904 0.52064453
4410124135237650176 0.61314920
1381842819103265152 0.61462201
4437664874289405568 0.62257647
4437415491308216832 0.57083086
1318492876121546368 0.59495149
4464029238976228736 0.48402991
1430271285489301760 0.58997365
1356012336029174656 0.60234847
1407020565931281920 0.56160314
4449384603088167936 0.51674295
1313657047888570112 0.56459637
1306811733308166144 0.53224666
1334514886545884288 0.52003437
1354003558349882368 0.55157128
1420334311713978880 0.59476806
4599593731280871168 0.59935298
1336995934534217216 0.58670990
1336213941249224448 0.55436986
4601692664619212800 0.48578497
1348714361959758720 0.45651771
6880980612599982976 0.64495180
6913880096440863872 0.53630151
1729442356388769152 0.58995016
2730945746752332928 0.58560215
1887740484253448192 0.60924144
2656715758255843968 0.70205302
2831664447830235648 0.68746678
2663723809148392576 0.58562636
2762337216041942272 0.68501429
2870105401562176384 0.55782433
2826300244132469504 0.55957534
2820090954076344960 0.53124326
 366240897941704576 0.44481938
2565682139710805376 0.59322802
   8833545137218304 0.65217008
 866934480069649536 0.74252843
 895598713845846528 0.60572283
1095663169578358272 0.69889272
3146093407230777856 0.65154274
1033462628562266368 0.51258613
 651294029086590720 0.69519555
 914563635861805568 0.59955855
1014495602010839296 0.64669842
 828399273279566464 0.60761942
 853298607443664640 0.81565582
3915428904432616960 0.71308131
 773339789705155456 0.59687502
4016657061647134848 0.70953859
1244434853819196544 0.58986917
1479393273129815808 0.62438615
1590327884635241984 0.64846118
1423154215441862016 0.53665485
1440891468301615744 0.54887967
4601423421709393024 0.51146174
6880602999073896960 0.48407262
 379941435595549824 0.58050702
3895011493197247872 0.57844985
4228322602001743232 0.58516230
1280674589567539072 0.63369656
2740035546817737472 0.57903424
 203517338858689152 0.46094185
 972055522626653696 0.57978769
1810769623726355584 0.42269906
1810698430347027840 0.52740714
2090065230954282112 0.66578844
2108416114378645504 0.60148441
 240950418382889856 0.53980503
3689003416908768128 0.64492198
3918230189478402944 0.55677152
3951301884333864448 0.64376327
1030821945229890048 0.57020442
1562463438192791040 0.61614244
1494896838054541312 0.66106553
1031885684073301376 0.58730243
3912144628841254272 0.65824228
3898885794215985408 0.67530240
3746186581423045120 0.57217385
1550347236668656000 0.81824863
3600889658866041472 0.48627302
1338704609962641536 0.58847690
 715169646002569856 0.60016328
1253644397573901568 0.51872719
1615152864325282944 0.57976704
 714784473335702912 0.58120958
 747184224851049856 0.63364477
  56854857216208512 0.60578370
2683960526815908224 0.54958711
2817251778831550208 0.60197474
3965612234327712128 0.49860815
3737667393532367616 0.45938160
4423520928509728512 0.64707844
 316067369162854528 0.65260604
 150710990829979776 0.44514873
 949914244660427136 0.61771384
1032533743099023360 0.57540455
 679611371240857216 0.61753301
 689686230645254912 0.54577750
4409409933716995200 0.62592483
1853702254260781440 0.70895830
1799727675123571072 0.57200861
 435993198353915264 0.60208443
 413542064271808128 0.41159308
3892831505236595456 0.76769316
 674288223133915648 0.58530829
1241216347062454144 0.76865530
3959667827791428224 0.62838273
1488671437577394816 0.59506588
3070747311354499712 0.64355789
2881640244906041344 0.59214769
 384178781610162432 0.64515798
1397846073407057792 0.63389108
3998736426568066560 0.65850475
1462781512156370944 0.60573798
1247782252546110720 0.64927849
1345451561204622336 0.65713904
1549172339774071424 0.65430352
4608806161253188992 0.64931462
 273264893325541120 0.62220877
1331145128221143808 0.74842894
3896296508756517376 0.63715266
3706046603053168256 0.52202965
3733571055588262912 0.67208638
3928450351921032064 0.53728415
3720277375893115136 0.65201581
1230519198435520128 0.53729829
 596816732622957952 0.55236970
 681688657943005696 0.65457949
4227190414263529728 0.47005524
4410660284597524992 0.48960759
2710730714374673280 0.52792905
2127818405800967936 0.54859065
 792418618550518912 0.52142018
3679101219484067840 0.47477890
4027058957042228992 0.66717558
3962896573750515456 0.60405552
4009940454351088128 0.52945542
3696636437082881280 0.48043665
4010565767229419520 0.47970983
1353204630008969728 0.61298053
1240495926427931648 0.61872636
 813877683910413312 0.76706231
 648057277307484160 0.65787211
3978711747141111040 0.68947398
1378452887316066688 0.62618015
1570539733352225792 0.55321534
1013862906084132992 0.55317837
1013227594521401984 0.69365729
 828495278684213888 0.59097436
 742903796019671936 0.66487151
 747068192014727808 0.61167015
 807875553013990912 0.64092638
 928725968397977856 0.58873628
 931273639919384960 0.58216445
 821274029911069952 0.65404440
1541258536115214464 0.64831835
1575195099943294976 0.69056497
1503674445537700096 0.47377434
 822444666197267712 0.54260586
1009886419202730368 0.55927027
1012744702758356864 0.59007126
4030904808198007552 0.66889290
1256186300953476608 0.57848445
1385718700670325248 0.53988001
1356600128073561088 0.66883803
1313299466090180352 0.48003442
2554575083700694656 0.52110604
 649257944006486016 0.54619555
 663263523121262720 0.60841439
 145250128890948352 0.62754060
3394904676617815936 0.43955107
 364465362757049600 0.56482077
3945591467616528640 0.71942109
1543337472086128896 0.56252127
3957094077229881472 0.66142744
1240619037370564352 0.51213325
1408109086739131264 0.64116847
2845808982023145472 0.56894979
3407505389109437568 0.46188066
2846656533688867584 0.58966245
 385100374216418176 0.49415275
 345032559889364736 0.49515784
1031409805993089664 0.63495930
 854705196349564672 0.63646847
 224381087391704448 0.61769948
2850150816001358976 0.62962325
2779974211480523136 0.58716544
  32037883343534080 0.61413959
3960909485656621184 0.68470060
1766972811413067136 0.77615708
1283635333862943872 0.55065387
2591096118331380096 0.46518097
 133572628208995712 0.61206459
   7399026060393856 0.53428748
  67547058041137792 0.59483176
 219099823805100416 0.58927616
 975324332039412096 0.59422449
 894641619037799424 0.51782347
 772411595732822144 0.66688346
4011947402373391488 0.61952489
1380789654466462336 0.52435051
4600243194759658880 0.65391064
 874087932784253568 0.55869714
3559052657314003328 0.62223629
 838004782954645504 0.57830021
2752696771104684672 0.70112707
2663260433716611584 0.53625618
2875539776437822592 0.70675816
 714368170745506944 0.68248559
 101919165913073664 0.64990134
1212448759193516672 0.63757393
2719511895270989824 0.60439655
1388070075006495104 0.57334804
4574083206092509568 0.67577404
3092757987951528704 0.60974284
1567647261858323328 0.56808840
 678312057732536576 0.56953692
2864408011479890048 0.52051800
3701907495825964288 0.60921362
1536144054697633024 0.62901126
3737901692588664576 0.51911739
3718043619237583488 0.54804493
2780868251873599104 0.53314704
1521905722715489280 0.55596232
4424295843685391744 0.58947546
1483073274125830400 0.61548426
1569319172367113472 0.62110214
 659321567778144640 0.58907328
 910533964403299584 0.56227348
4014459618939954176 0.58960910
1786827307055763968 0.54724165
2737233514449351680 0.49672391
3877887905263696384 0.47226633
1360408905076366208 0.63744300
4034267492712585088 0.50185196
4011171937437930240 0.53305692
3926021603750283264 0.55369305
3658911089326509568 0.55455711
3638225496036409856 0.61390982
3842309014659179904 0.61246699
1229485794944129024 0.45478976
 780167099782799744 0.46216336
3657716646036498048 0.44061014
3662850811286911744 0.59488768
4000256643128125184 0.73841712
1232668778027306880 0.57024751
 619932010387137280 0.65382844
3866559495228533120 0.61607937
1187372365001775744 0.59907526
3987697089307190016 0.59414267
3722561851817970048 0.57749533
4420377115523837440 0.61686848
3844138632072505856 0.65869507
 748247383875733760 0.57383486
 644256673631876352 0.59095486
 646165842429919616 0.63627711
3713828229095266944 0.59089732
 579670437198935552 0.69178476
 623746211929077888 0.54780614
1182003110420922240 0.54999703
 737822540470594304 0.54258758
 626734207792097152 0.46476711
1234009254500316928 0.52376038
 792670406711985024 0.54483986
4006809938588295296 0.52707309
 725340369076105856 0.55500998
 725405446420276992 0.58444908
 725958054092901632 0.48049050
1232323359577658624 0.55276511
 625176509053140352 0.63260266
3836422607360889216 0.60526472
1186178437107879040 0.55787301
3849487279400197888 0.58657331
1240817739737143296 0.56287150
1153436698819701504 0.75677171
 901916026622863872 0.57217140
3995343269260928768 0.54410067
3996201472445819392 0.50480183
1428164866024436992 0.58387033
1587405932484635264 0.57174800
4003295349669744640 0.46378497
1234282826737163264 0.45654200
3879467422436889600 0.46287785
3714258378659874688 0.66497313
3719849910683430528 0.61114011
3652145592417387392 0.52083263
1228577770138260480 0.64385605
3853699267927898368 0.55088505
 725722724244414848 0.67469461
 736235906536580096 0.63902238
 734933981690515584 0.56245392
 723733978292583552 0.51950152
 836280783082288640 0.61599253
3811525128622981504 0.58824211
3917960633035027072 0.70613941
3725927044593226624 0.54767506
3663424481478857472 0.65714268
3663406721789516544 0.66360444
3662406853402985472 0.62606480
3664762724568601600 0.64058047
3722708709634867840 0.76468685
1228306981040269312 0.53846160
1213387673403628032 0.65215196
4424680157358824960 0.63510302
3972078427850488320 0.37420278
 620364805651730176 0.48567081
 724439830398021632 0.61296931
3878888323406302848 0.60973617
3873963709609365632 0.71544720
3862839714248201984 0.60179961
 753220268809452928 0.59277783
 749445924564533632 0.51484415
 629395330873761280 0.62115920
3889253964981977472 0.59271035
3890957452091006464 0.54938416
3885177800499823616 0.61449298
 732651120673245056 0.55690812
 732133972250788224 0.50519357
 733339758549395712 0.68158231
 738597146412411904 0.62089316
 725202719669343360 0.55217004
 726620441129266048 0.53860555
3687258285796690048 0.62260497
 623982645584012928 0.57844725
3651945786243467648 0.56034921
1261019131298313216 0.69541423
 795525490516714496 0.58396016
 616564687307946368 0.65208239
1242880969011807616 0.57950292
3847412569678169728 0.59791556
1661876095551213440 0.57164620
1513140347299230336 0.72654266
3686287623187964800 0.59411390
3658986612030920064 0.56759265
3657592534366424960 0.56985812
 779986023961694208 0.58329880
 733470325555344000 0.63838658
3740505301762762368 0.72325297
4018797226670958080 0.67843642
 608806601981759232 0.46829471
 587797095143690624 0.63478670
3859271760361130880 0.58150516
 615713871466329728 0.51367802
3980394373593795456 0.66906759
3853093604524976256 0.62542473
 639367660819268096 0.50855325
3850865581650127488 0.46789138
 696661017016324736 0.53582414
 795233711915773440 0.56287584
 795646161917812864 0.55253380
3860038807160286080 0.62912731
 729316134402695680 0.51490372
3889028771256624512 0.54954437
 724065000012188544 0.53140148
 736244844363837056 0.71029190
3989515784618561920 0.53832001
 738471900871144320 0.62108323
 736477769030308224 0.53344526
3805467949129879040 0.64819381
3984408931064857088 0.52445755
3984457275216561408 0.50129322
 765199447993955456 0.55223981
4022106752374872320 0.49360805
3978051456049046144 0.50953513
3787243513835257600 0.51559619
3978517408460916096 0.59781448
3911116894706663040 0.55912579
4024498258884991360 0.48458500
3917796393485731456 0.53360282
4005248078025664640 0.55404165
3896577640136035584 0.61432661
3902848464186290176 0.46317181
3721443790226657408 0.62126332
3665826094047222656 0.53072881
3674264051220903552 0.57163647
1227046631477091072 0.55171129
3649400485545148032 0.45120524
1172329327946683520 0.56355845
1175193864974284160 0.47811970
1157660541457256960 0.59563045
4026797853094772224 0.50256729
3632487217866030336 0.72325911
3381448299265993728 0.57248554
1744844177832333312 0.63628685
1766582416066005504 0.56634518
1229973600149795456 0.53622358
 371836351270855424 0.64798555
 342508596586948480 0.49339522
 100236118552751488 0.47161283
  99384413653590400 0.57993188
 334520026136513536 0.49677042
 141197844426867072 0.54466476
3916615006896859904 0.67930704
6338540742919434240 0.51690952
1770039418063209600 0.60045560
2695376064556832384 0.58696579
2656624640524890240 0.60052784
 387558298101638656 0.56326737
2688440280785515392 0.48068283
3651478081484768128 0.76859691
 899663161656850944 0.54986460
 369362136574999680 0.69548655
3167867242153937152 0.47553269
1855647732703174656 0.43700847
3449832566691979904 0.55358773
3987851059590238080 0.48466589
2704002901507897472 0.56351371
    507222753405440 0.60889050
 305449935129519872 0.51046191
2690410193305422592 0.57126816
2818757216408125184 0.62158636
 893658071527158144 0.53280326
1739084695407221888 0.60545961
2700807278336665344 0.60546979
2804643232318513024 0.58570464
2694973265344855424 0.70258590
1742447895318231168 0.75540130
2621268602887861632 0.52278857
2687145910785280896 0.61642888
2666679743080337920 0.46202876
6917208279484804096 0.69095265
3362573983880111744 0.67264641
2559053875596774784 0.64667287
3824667006994369536 0.70372820
2729023461124843648 0.83877295
 372893634780423936 0.60036180
 320685627237234176 0.65787566
2590666312364117120 0.56399416
 322697767876513408 0.55877941
2587784801625524352 0.62765679
 298818123371602304 0.58554723
  93538099874915968 0.60711372
2515474766589659776 0.61950592
  31958581067424512 0.56992820
3264911134851481216 0.46011512
3249651837603856000 0.59852926
3210621167684350464 0.58739577
 963838597353646848 0.61617366
 739754068867610112 0.63661125
 733011421184981888 0.79279547
3897629361663122944 0.64440387
2690044296451789952 0.51069524
2685653529909699456 0.65177663
6899497625357201152 0.55679186
2681629665244380800 0.65246694
2733487787571599616 0.51173190
2833648452138614656 0.66637664
3400710407250345600 0.45470850
1161692656754873344 0.62985145
 868720808507753216 0.61117284
1260889049625261824 0.60826286
1393023782909659904 0.75093955
2783781579729287168 0.63737771
2696427408126987648 0.50986432
1214175817082350080 0.57870199
2708462967346948992 0.52179042
1740413244754999296 0.57378073
1744013290638832000 0.47131196
 625501827055888896 0.65812595
1240743488342505472 0.68584852
1209621738703856768 0.55966857
1436833999813447296 0.67880578
6898162401628233600 0.57436168
2618323771446332800 0.53728417
 657833035191379328 0.60358232
  77422287364105600 0.64104399
 878743608613175296 0.55832489
 879310960909682688 0.66516634
 773617618254507904 0.71941530
 875253110168247808 0.58753840
 368963499186050432 0.51910085
 369591934505232384 0.53904247
 294567518793293184 0.54957980
  90389339091352448 0.59641747
2519706782549605248 0.57482995
 103232188954918144 0.58696566
 101972316132737152 0.59683455
  18103291448100608 0.58168482
   3588290557349760 0.51978669
 894994016810642176 0.59830339
 882365507289824768 0.57257384
 935713463576528640 0.51095895
 576582596231278592 0.57536495
1012141375816850944 0.59599431
3854250569930462592 0.58079685
 647673032353336448 0.64147190
 799823623206083328 0.62402887
 725990107433416704 0.45955243
3883259393227451392 0.63077306
 728920786957623296 0.51699530
 754673479583994624 0.60517713
 721188608874424192 0.63903692
3989867353461506432 0.63188251
4020530636816415616 0.51010422
4002439414227271936 0.76064090
3705044088966751232 0.61368759
3718107322192194048 0.60654322
3738399286023948800 0.57527607
3711275433678032512 0.63458366
3718017157943329664 0.51247250
3718069079803444352 0.54671403
3717775265384977920 0.67881514
3662743578839021824 0.76094394
3724749776877824512 0.59421204
1251127654112543104 0.64702159
3722156892236685184 0.69300836
3670533305188577408 0.51151697
3674534531081542144 0.54407501
3646552204968413056 0.57624486
1386532133116815616 0.57032527
1314394957628674176 0.53540654
6910949657435554432 0.47247659
1768033560960284800 0.46393354
1782458912998730368 0.57301382
2729109046937652352 0.48351429
2721010181726958464 0.55508778
2706466666547909376 0.69865806
2731772652511014016 0.65383502
2732368931410656000 0.56818952
2413627962286416896 0.60353274
2665722790007447168 0.55618133
1921582494379459712 0.67737283
 387451718488325120 0.58197807
 323803013285079296 0.62918785
 348184413049730048 0.73285728
2509319597418099456 0.68279161
3840309342310092928 0.37948248
 746912679838396288 0.52634209
 771839811031270912 0.59642494
3738610117378459904 0.61723067
1313190584375958656 0.58780245
1741542030881121920 0.65062703
2645162644122194432 0.64275003
 240553494685732992 0.54109439
 682968523837145856 0.45760164
3879174814904863488 0.53809566
 730936466649394304 0.52226762
3808781434794653568 0.69829199
1769487394506137856 0.56003727
 869311143173059456 0.52312128
3648155941461125760 0.60164770
 896914447011316096 0.57927363
3826133514987430656 0.64946485
4545066299664306176 0.55101793
5763401599296742016 0.59418536
 136503307733082624 0.72120746
1352524852649828608 0.54443292
 319057830337353984 0.61741936
2665861397191921280 0.55812973
3712894881162319232 0.77032288
3265696078778979840 0.62365896
3797093488752974080 0.70839227
3696873553637310336 0.56216652
3998854937600903680 0.58946519
3973629117203288832 0.62772794
 777128427600786176 0.56263003
3658081786976176256 0.50722546
3827707087925345280 0.50482833
3793584122514601472 0.67618671
3686823806904763136 0.50579957
3839480791579388416 0.49292790
4417321087378777216 0.58390000
3798892113681379840 0.49980908
 629319017894535168 0.55671847
 589531441592231680 0.46703710
3858555535909971456 0.54550252
 687176865936311040 0.49571573
3651860544027855232 0.54078534
3848641888102314368 0.57280687
3790530160249194240 0.56564802
3829785405419865856 0.51394419
3565102445167144960 0.75200613
 803938820349448576 0.55452119
3886136712077784192 0.61248866
 736682690510425472 0.72830378
 723537960280723200 0.64732310
 621603371140586880 0.56687735
 593546269646014848 0.65199343
 728183083375384320 0.49847717
3977945353177057920 0.62360674
3880316550356179584 0.68688409
 795005249718265984 0.60692429
3794086496249282944 0.51407521
3636533725598663808 0.50314249
3651355726456343424 0.63473423
 594418049223474816 0.50861132
 619514329112964864 0.52101071
3850913204247084672 0.62033404
 619241448365747328 0.57674323
 612354519846864384 0.49595049
 579468878678924288 0.59714190
3851941247619785344 0.52492467
3852821853353804416 0.50457213
3831677458772847488 0.51005841
 624261023888606080 0.50858579
3662429457815494144 0.65132939
1212123063233001216 0.60826760
 642223848430784128 0.49916044
3663058898157969152 0.49149221
3797460652621321216 0.56533840
3687426412291745152 0.56933112
3264453291337680896 0.67322230
1786853940148941056 0.45832300
  77097858419193216 0.59186315
2620151434649871232 0.60446700
2618831608379664640 0.52553359
3825415980571248128 0.59019229
 291192842729858176 0.52570007
 324331401636539392 0.63676126
  20161096179157248 0.60429157
 871119324405361280 0.55343405
3634926759290069248 0.61411686
2736368851633174016 0.50787197
2659818378206255872 0.58808619
2520946241391657344 0.60083255
 577395547641495552 0.59682387
6898997446350384896 0.60959518
2617598948470887680 0.53021351
3591208179809130880 0.58348146
2428895127914519296 0.57017484
 669345433034606080 0.57271560
 615721426313634176 0.54227722
2437534918486803840 0.56319897
 303818186858955776 0.52396344
 684316074120498816 0.49287856
 577187014093423744 0.60304454
 580089003236570112 0.58258065
3827294393107742592 0.73123476
3847343571027924352 0.52374277
 799463292628940672 0.59443472
3834458188103774592 0.48887830
1399062747446752768 0.54138694
6897786093774417152 0.52353478
1742722219174372864 0.50472042
2694501540496259456 0.48315494
2721648482586236416 0.50503318
 914652490145346688 0.62868068
2658100902388538368 0.66369550
3458411334367329280 0.48519022
 580573990943405184 0.49972301
3777972225631078400 0.71158842
 726734064488566400 0.55854195
4565070577998452096 0.49285861
3079170773010478208 0.50594934
3962690419615745024 0.54083614
1516886864450697088 0.61841464
3090871397797047296 0.50176211
3699778119760745472 0.58707451
3731723090075245696 0.65690487
3717352885416905984 0.56453171
2817589255885467520 0.60735370
 670266862434827776 0.50113296
3940418398550912512 0.59893383
 924355886418231680 0.48186648
1533880980593444352 0.69779003
3683135052768556160 0.63705581
1528760799757778048 0.65395810
1497236186481686016 0.47851540
1212368082527527680 0.43455797
1356025457153174656 0.64946741
1912453760434108928 0.63042356
1458363365199561088 0.56742349
3143813565573130880 0.55051097
1280132014939378176 0.52282515
4596935593202765184 0.39960871
1191510003353849472 0.52206597
1454879219009819136 0.52089814
4450058431917932672 0.71266111
1454780709642463744 0.53052821
 794778239224004224 0.48811403
1509335074994849280 0.49857544
 804272281615931392 0.49946142
1456154480697610496 0.50097167
 703542447977629184 0.50202229
2131968508140833920 0.61322658
3696386706208078720 0.70312968
3697859403249998592 0.63820642
3694931747383350272 0.59223560
3682246436922936576 0.58940488
3698094904897487488 0.56595603
3598273370948601984 0.47661307
3683285857660194560 0.60640797
3932541638983377920 0.57155926
3907457655585401344 0.58200570
 704898936088969984 0.55280686
1513026101169244160 0.58654538
3686613216068706432 0.52039567
3636587880841390592 0.56477419
6340387166539780864 0.44145160
3602791947125146112 0.52118302
3693492005626229376 0.54299978
 821807155611175936 0.51611624
4014619804039885440 0.46832853
3936916973707946752 0.56518956
1323572448042850560 0.46295308
1329691711287996032 0.53637736
1353153777596205696 0.67934447
 786947586134743936 0.47286632
4416399769650110720 0.62811156
1536301555442157568 0.50455767
1220321709125278464 0.56176514
3718000291607233664 0.55116798
4452806111475874048 0.57106824
3716713450686030976 0.56012440
1392591850935130880 0.50998536
1531435911547268224 0.52461864
4457558441248856192 0.57131289
3687524818582502528 0.62384209
 702851267480897024 0.55011283
3725869187089445504 0.73429697
1286256707025987456 0.64251145
1055469800468328064 0.54851048
1424864540139020800 0.57152973
1576893707969747456 0.51847804
1022285989786150656 0.69215882
1601433845428847360 0.65104252
1511084535434223104 0.52946118
3658213281694833152 0.44397249
3657655932378869888 0.49275615
4424043196529335040 0.61818928
3693498877573835520 0.62353084
3916576352191282560 0.64820973
3920084172241132928 0.56174811
3946139677242225152 0.57217786
3902831765353826176 0.60990786
1454724187872808832 0.54547141
 780665762666043136 0.49983014
3903698975085804672 0.50006663
4427368119691022720 0.63940406
3689922166248251264 0.55229964
 696091401273662336 0.55035048
4450157903360288896 0.64499637
1443946293856510848 0.63906134
1264888488811080704 0.53599088
 603633262334365440 0.48810500
1302088437513687296 0.58138113
4466645458174937600 0.58937247
1470607041352575488 0.67254044
3740140126463955584 0.67558209
1423508915316958592 0.63851472
1657334352318594816 0.55045419
1503726397462068608 0.49008395
1049161008906596864 0.57110465
1587505369567609472 0.46803590
3851444032140505344 0.69004636
3935247051767698816 0.74275084
1165706939348752512 0.55469421
 707173653847232384 0.60076662
1154012224437386240 0.81671584
 637635964365581952 0.50477452
 644737714264363520 0.59558590
3565562998804647680 0.45374400
3896902000361602816 0.64740612
3923043915808650112 0.56294539
3704536703005861504 0.56390400
3717575257348471552 0.51394590
1231706426180181888 0.48860321
1507255761066092160 0.53135303
1493979566183392384 0.56230930
4426843377770218752 0.55982242
4438152198458052352 0.44336217
1326294937616846592 0.63103683
1406199917940642944 0.49350522
1245671087141637760 0.60148906
3814559364103288448 0.56617454
 851103986530614016 0.54174397
4000143805747431808 0.49327650
3682722147497328640 0.58683821
 656180572294451328 0.65747167
2606204434594020736 0.56390831
2434172822382717568 0.51273936
 656029526885063808 0.63762443
 611732741725434112 0.54363131
3799785574253882752 0.59499123
3072686300107080832 0.50864788
 875438171718827264 0.63253236
4407374600253250560 0.58677598
1372764632629278208 0.47942054
4571984169675126400 0.52576553
3795033278840733568 0.47180923
3975968843587315456 0.56239527
1337395748745748224 0.45396508
1506445902034177536 0.61577514
4550498544237216896 0.45479997
1242785521953676288 0.56540234
2793318296912074880 0.62381645
2428309401750652672 0.56786321
3411903538699684864 0.57423244
3195906094331031936 0.47317676
 667520041870220928 0.49655762
3268882364692574720 0.62223601
3071861043616052096 0.48310507
5756966436913247488 0.47593653
3786836110417682944 0.62853011
1286777360140494080 0.60344330
4412750868516623104 0.48941771
1319242330735005568 0.77124526
1406194871355128064 0.61233980
1306616432555191936 0.71743374
1420217733417559936 0.84477740
2626966443942080128 0.48733072
3094697938780564224 0.59592146
 666510930713928448 0.74749482
1204378545708196608 0.54432411
1610110465344731648 0.49217149
1509987085390353792 0.51030125
2256622172903021952 0.51201174
 676761123567657344 0.54541153
3942574991824968320 0.47373877
1201177661201394048 0.57655310
1289960858618283904 0.55248334
 713142421438562432 0.75707675
3701890487755176704 0.53973244
3903718246604099072 0.58137914
1528463686803632384 0.54940935
3735191254691041792 0.55294635
3929442695525197440 0.57894321
1468411836325476736 0.64356576
1454784454854071936 0.48006807
3671771286561890176 0.50265720
3671159240837972608 0.47882824
1265354952323589888 0.69731216
1189282697735318656 0.61840400
4566228432461539840 0.54293634
3907161126747882240 0.60884302
3932106262443139840 0.60713465
3704550923641933312 0.64970834
4432110038465080320 0.62166288
3900042274290290304 0.56242304
 645932574166070016 0.77482328
 648476397396238976 0.59071186
1543912168771411584 0.56364659
1319786348472618880 0.66543412
3141172160686908928 0.61584516
3072937504154247296 0.64091143
3686046284680810752 0.57225233
3201175430791113600 0.63055300
4465697399976758528 0.44240005
3959914118396131456 0.49385223
3637352243286265856 0.73838245
3713916980299625856 0.63226673
6913258185176558080 0.57488934
1409972621509638144 0.55499276
3727833391597367424 0.65075368
 949205983077666944 0.39167701
 886793515494085248 0.39728273
 182142003881848832 0.45608679
 348659642591311744 0.48809545
3723361299850681728 0.48242821
3890405535908322816 0.77217245
3697870501445490304 0.59314631
3864713552644487040 0.62452426
3840230044329272064 0.55127909
3919388868575459712 0.68215343
1239109442264988032 0.71123663
3873691275538903040 0.63861599
3814692959061502976 0.58850611
3890569736803245184 0.59464979
3712357494854304256 0.65794587
 934167726322258176 0.50141850
3665860522504930560 0.62920516
3637904408576760576 0.46686178
 617671689358430976 0.57106774
3809129086627438336 0.59110578
 756948098558992128 0.53290393
3566306582197898368 0.59951346
 796655586610079616 0.50589203
3871697203827354240 0.51688101
3667442887241100800 0.56131315
 818908052687020288 0.59198567
3638091085035260928 0.53794586
3845427607592439168 0.63705944
 625289896189695616 0.44569295
 579383808261746688 0.65324195
3884067362475239040 0.50918052
3808567575487842560 0.46481381
3850648535477820672 0.49960115
2434182885491228544 0.45414900
2565582913081431296 0.54781774
4490848595322325120 0.44957772
4416728175733552896 0.77634519
2681514079084483456 0.47387102
2689818312452404992 0.52807141
3291242857789707904 0.76428904
 938605801929998720 0.63389185
1745556661366703360 0.60666202
2694150865006247424 0.57080891
1038819930248651264 0.64804098
5179730116594929536 0.58722952
3996141823940038144 0.57775532
3792913901458462720 0.76579069
3665927936311726976 0.55951722
3637951687576726400 0.58105573
 374779709539440128 0.51732669
3720468832650308352 0.47110825
 155563170002149376 0.53950201
6897755139944897024 0.79746448
1463444655107074688 0.77029627
1454874717884070400 0.67348988
3734402767414957312 0.78320557
1314137878066944256 0.49367819
3801186936183014784 0.83469533
 746368838195109888 0.86670219
4550091931093504896 0.62757604
 739029628143831552 0.46141632
2808687029926911360 0.55453683
 936507899382640768 0.51274547
 312130292901682688 0.78925344
 852322825233930112 0.69975268
1198863915076552960 0.49057032
1316840138346618880 0.92915561
3834029481648387968 0.83391985