6380659528686603008
5412243359495900928
4055098870077726976
2973954279102006656
5032510629236996608
5017575447402248448
4870497075488741888
5026371849661393664
6539269990871163392
4854226777298797952
5021251939406481280
4842417335222335104
5014374081858244608
6529664829085975808
2497458508359533184
1770039418063209600
6625215584995450624
2973463347160718976
6565527904791301504
6526559499016401408
4709830423483623808
3699778119760745472
3626569264033312896
6910611591970329216
5737579706158770560
4454183799545435008
4410058473777585024
4860671839583430912
4784552718312266624
2976126948438805760
3486473757325180032
5769986338215537280
5806921716937210496
6483680332235888896
6787617919184986496
4229920123678447232
2558296724402139392
3499611306368945536
4352084489819078784
4224859720193721856
1760981190300823808
1793460115244988800
1191510003353849472
3546458301374134528
3479598373678136832
3465394126556301056
3464204523694392192
3464231977125588736
3462535705561799552
3460867849501581824
5384505910934827392
5911972631268753792
6484572104886495872
3698725337376560512
4467433017738606080
2981136563934324224
4985455998336183168
5058670209887423616
3604450388616968576
5461994302138361728
6380659528686603008
5412243359495900928
4055098870077726976
2973954279102006656
5032510629236996608
5017575447402248448
4870497075488741888
5026371849661393664
6539269990871163392
4854226777298797952
5021251939406481280
4842417335222335104
5014374081858244608
6529664829085975808
2497458508359533184
1770039418063209600
6625215584995450624
2973463347160718976
6565527904791301504
6526559499016401408
4709830423483623808
3699778119760745472
3626569264033312896
6910611591970329216
5737579706158770560
4454183799545435008
4410058473777585024
4860671839583430912
4784552718312266624
2976126948438805760
3486473757325180032
5769986338215537280
5806921716937210496
6483680332235888896
6787617919184986496
4229920123678447232
2558296724402139392
3499611306368945536
4352084489819078784
4224859720193721856
1760981190300823808
1793460115244988800
1191510003353849472
3546458301374134528
3479598373678136832
3465394126556301056
3464204523694392192
3464231977125588736
3462535705561799552
3460867849501581824
5384505910934827392
5911972631268753792
6484572104886495872
3698725337376560512
4467433017738606080
2981136563934324224
4985455998336183168
5058670209887423616
3604450388616968576
5461994302138361728
6796320308904070016
2689556491246048896
4344296958198114688
630421935431871232
5151789464548893184
2381771781829913984
5510293236607430656
6378877082899249664
4473628559603349888
3839232130153219456
6897755139944897024
6589892159047076096
6380659528686603008
5412243359495900928
4055098870077726976
2973954279102006656
5032510629236996608
5017575447402248448
4870497075488741888
5026371849661393664
6539269990871163392
4854226777298797952
5021251939406481280
4842417335222335104
5014374081858244608
6529664829085975808
2497458508359533184
1770039418063209600
6625215584995450624
2973463347160718976
6565527904791301504
6526559499016401408
4709830423483623808
3699778119760745472
3626569264033312896
6910611591970329216
5737579706158770560
4454183799545435008
4410058473777585024
4860671839583430912
4784552718312266624
2976126948438805760
3486473757325180032
5769986338215537280
5806921716937210496
6483680332235888896
6787617919184986496
4229920123678447232
2558296724402139392
3499611306368945536
4352084489819078784
4224859720193721856
1760981190300823808
1793460115244988800
1191510003353849472
3546458301374134528
3479598373678136832
3465394126556301056
3464204523694392192
3464231977125588736
3462535705561799552
3460867849501581824
5384505910934827392
5911972631268753792
6484572104886495872
3698725337376560512
4467433017738606080
2981136563934324224
4985455998336183168
5058670209887423616
3604450388616968576
5461994302138361728
6796320308904070016
2689556491246048896
4344296958198114688
630421935431871232
5151789464548893184
2381771781829913984
5510293236607430656
6378877082899249664
4473628559603349888
3839232130153219456
6897755139944897024
6589892159047076096
6380659528686603008
5412243359495900928
4055098870077726976
2973954279102006656
5032510629236996608
5017575447402248448
4870497075488741888
5026371849661393664
6539269990871163392
4854226777298797952
5021251939406481280
4842417335222335104
5014374081858244608
6529664829085975808
2497458508359533184
1770039418063209600
6625215584995450624
2973463347160718976
6565527904791301504
6526559499016401408
4709830423483623808
3699778119760745472
3626569264033312896
6910611591970329216
5737579706158770560
4454183799545435008
4410058473777585024
4860671839583430912
4784552718312266624
2976126948438805760
3486473757325180032
5769986338215537280
5806921716937210496
6483680332235888896
6787617919184986496
4229920123678447232
2558296724402139392
3499611306368945536
4352084489819078784
4224859720193721856
1760981190300823808
1793460115244988800
1191510003353849472
3546458301374134528
3479598373678136832
3465394126556301056
3464204523694392192
3464231977125588736
3462535705561799552
3460867849501581824
5384505910934827392
5911972631268753792
6484572104886495872
3698725337376560512
4467433017738606080
2981136563934324224
4985455998336183168
5058670209887423616
3604450388616968576
5461994302138361728
6796320308904070016
2689556491246048896
4344296958198114688
630421935431871232
5151789464548893184
2381771781829913984
5510293236607430656
6378877082899249664
4473628559603349888
3839232130153219456
6897755139944897024
6589892159047076096
