6380659528686603008 -2.132652 0.045187
5412243359495900928 -1.733289 0.051593
4055098870077726976 -1.346272 0.067951
2973954279102006656 -2.070626 0.039340
5032510629236996608 -2.077178 0.022992
5017575447402248448 -1.781695 0.058827
4870497075488741888 -2.565843 0.080346
5026371849661393664 -1.895279 0.036049
6539269990871163392 -2.155733 0.101967
4854226777298797952 -1.725471 0.053193
5021251939406481280 -1.838128 0.042370
4842417335222335104 -1.696152 0.057248
5014374081858244608 -1.920292 0.047646
6529664829085975808 -1.827129 0.032711
2497458508359533184 -2.192865 0.072214
1770039418063209600 -1.931703 0.059324
6625215584995450624 -1.509006 0.062004
2973463347160718976 -2.060652 0.038212
6565527904791301504 -0.764282 0.069704
6526559499016401408 -1.722733 0.048612
4709830423483623808 -1.937558 0.054542
3699778119760745472 -1.665548 0.077769
3626569264033312896 -2.067657 0.079817
6910611591970329216 -0.362368 0.057885
5737579706158770560 -1.784175 0.058732
4454183799545435008 -2.260981 0.028374
4410058473777585024 -1.368164 0.031794
4860671839583430912 -1.849559 0.033380
4784552718312266624 -0.693737 0.064864
2976126948438805760 -1.752785 0.062708
3486473757325180032 -2.401884 0.054995
5769986338215537280 -1.563807 0.033147
5806921716937210496 -1.588475 0.039195
6483680332235888896 -1.621235 0.055172
6787617919184986496 -1.457073 0.089845
4229920123678447232 -1.712876 0.061480
2558296724402139392 -1.628611 0.046543
3499611306368945536 -1.692857 0.060701
4352084489819078784 -0.419114 0.119108
4224859720193721856 -0.406767 0.071551
1760981190300823808 -0.544855 0.052914
1793460115244988800 -0.178757 0.041542
1191510003353849472 -0.868451 0.121120
3546458301374134528 -0.622695 0.071375
3479598373678136832 -1.473571 0.058401
3465394126556301056 -2.588606 0.104085
3464204523694392192 -0.917515 0.047442
3464231977125588736 -2.146523 0.054741
3462535705561799552 -1.928867 0.068795
3460867849501581824 -1.719349 0.042139
5384505910934827392 -1.597308 0.049029
5911972631268753792 -1.363074 0.027550
6484572104886495872 -2.035636 0.041961
3698725337376560512 -1.312064 0.050436
4467433017738606080 -1.536455 0.053246
2981136563934324224 -1.425245 0.104820
4985455998336183168 -1.395739 0.236064
5058670209887423616 -1.744860 0.048936
3604450388616968576 -1.778434 0.027549
5461994302138361728 -2.137056 0.067470
6380659528686603008 -2.132652 0.045187
5412243359495900928 -1.733289 0.051593
4055098870077726976 -1.346272 0.067951
2973954279102006656 -2.070626 0.039340
5032510629236996608 -2.077178 0.022992
5017575447402248448 -1.781695 0.058827
4870497075488741888 -2.565843 0.080346
5026371849661393664 -1.895279 0.036049
6539269990871163392 -2.155733 0.101967
4854226777298797952 -1.725471 0.053193
5021251939406481280 -1.838128 0.042370
4842417335222335104 -1.696152 0.057248
5014374081858244608 -1.920292 0.047646
6529664829085975808 -1.827129 0.032711
2497458508359533184 -2.192865 0.072214
1770039418063209600 -1.931703 0.059324
6625215584995450624 -1.509006 0.062004
2973463347160718976 -2.060652 0.038212
6565527904791301504 -0.764282 0.069704
6526559499016401408 -1.722733 0.048612
4709830423483623808 -1.937558 0.054542
3699778119760745472 -1.665548 0.077769
3626569264033312896 -2.067657 0.079817
6910611591970329216 -0.362368 0.057885
5737579706158770560 -1.784175 0.058732
4454183799545435008 -2.260981 0.028374
4410058473777585024 -1.368164 0.031794
4860671839583430912 -1.849559 0.033380
4784552718312266624 -0.693737 0.064864
2976126948438805760 -1.752785 0.062708
3486473757325180032 -2.401884 0.054995
5769986338215537280 -1.563807 0.033147
5806921716937210496 -1.588475 0.039195
6483680332235888896 -1.621235 0.055172
6787617919184986496 -1.457073 0.089845
4229920123678447232 -1.712876 0.061480
2558296724402139392 -1.628611 0.046543
3499611306368945536 -1.692857 0.060701
4352084489819078784 -0.419114 0.119108
4224859720193721856 -0.406767 0.071551
1760981190300823808 -0.544855 0.052914
1793460115244988800 -0.178757 0.041542
1191510003353849472 -0.868451 0.121120
3546458301374134528 -0.622695 0.071375
3479598373678136832 -1.473571 0.058401
3465394126556301056 -2.588606 0.104085
3464204523694392192 -0.917515 0.047442
3464231977125588736 -2.146523 0.054741
3462535705561799552 -1.928867 0.068795
3460867849501581824 -1.719349 0.042139
5384505910934827392 -1.597308 0.049029
5911972631268753792 -1.363074 0.027550
6484572104886495872 -2.035636 0.041961
3698725337376560512 -1.312064 0.050436
4467433017738606080 -1.536455 0.053246
2981136563934324224 -1.425245 0.104820
4985455998336183168 -1.395739 0.236064
5058670209887423616 -1.744860 0.048936
3604450388616968576 -1.778434 0.027549
5461994302138361728 -2.137056 0.067470
6796320308904070016 -1.416373 0.041433
2689556491246048896 -1.417030 0.041154
4344296958198114688 -1.124753 0.060683
630421935431871232 -1.415770 0.029152
5151789464548893184 -1.784158 0.039727
2381771781829913984 -1.644237 0.056515
5510293236607430656 -0.666463 0.043457
6378877082899249664 -0.389370 0.043459
4473628559603349888 -0.480036 0.084937
3839232130153219456 -1.645336 0.029011
6897755139944897024 -2.235285 0.053723
6589892159047076096 -2.818283 0.174545
6380659528686603008 -2.132652 0.045187
5412243359495900928 -1.733289 0.051593
4055098870077726976 -1.346272 0.067951
2973954279102006656 -2.070626 0.039340
5032510629236996608 -2.077178 0.022992
5017575447402248448 -1.781695 0.058827
4870497075488741888 -2.565843 0.080346
5026371849661393664 -1.895279 0.036049
6539269990871163392 -2.155733 0.101967
4854226777298797952 -1.725471 0.053193
5021251939406481280 -1.838128 0.042370
4842417335222335104 -1.696152 0.057248
5014374081858244608 -1.920292 0.047646
6529664829085975808 -1.827129 0.032711
2497458508359533184 -2.192865 0.072214
1770039418063209600 -1.931703 0.059324
6625215584995450624 -1.509006 0.062004
2973463347160718976 -2.060652 0.038212
6565527904791301504 -0.764282 0.069704
6526559499016401408 -1.722733 0.048612
4709830423483623808 -1.937558 0.054542
3699778119760745472 -1.665548 0.077769
3626569264033312896 -2.067657 0.079817
6910611591970329216 -0.362368 0.057885
5737579706158770560 -1.784175 0.058732
4454183799545435008 -2.260981 0.028374
4410058473777585024 -1.368164 0.031794
4860671839583430912 -1.849559 0.033380
4784552718312266624 -0.693737 0.064864
2976126948438805760 -1.752785 0.062708
3486473757325180032 -2.401884 0.054995
5769986338215537280 -1.563807 0.033147
5806921716937210496 -1.588475 0.039195
6483680332235888896 -1.621235 0.055172
6787617919184986496 -1.457073 0.089845
4229920123678447232 -1.712876 0.061480
2558296724402139392 -1.628611 0.046543
3499611306368945536 -1.692857 0.060701
4352084489819078784 -0.419114 0.119108
4224859720193721856 -0.406767 0.071551
1760981190300823808 -0.544855 0.052914
1793460115244988800 -0.178757 0.041542
1191510003353849472 -0.868451 0.121120
3546458301374134528 -0.622695 0.071375
3479598373678136832 -1.473571 0.058401
3465394126556301056 -2.588606 0.104085
3464204523694392192 -0.917515 0.047442
3464231977125588736 -2.146523 0.054741
3462535705561799552 -1.928867 0.068795
3460867849501581824 -1.719349 0.042139
5384505910934827392 -1.597308 0.049029
5911972631268753792 -1.363074 0.027550
6484572104886495872 -2.035636 0.041961
3698725337376560512 -1.312064 0.050436
4467433017738606080 -1.536455 0.053246
2981136563934324224 -1.425245 0.104820
4985455998336183168 -1.395739 0.236064
5058670209887423616 -1.744860 0.048936
3604450388616968576 -1.778434 0.027549
5461994302138361728 -2.137056 0.067470
6796320308904070016 -1.416373 0.041433
2689556491246048896 -1.417030 0.041154
4344296958198114688 -1.124753 0.060683
630421935431871232 -1.415770 0.029152
5151789464548893184 -1.784158 0.039727
2381771781829913984 -1.644237 0.056515
5510293236607430656 -0.666463 0.043457
6378877082899249664 -0.389370 0.043459
4473628559603349888 -0.480036 0.084937
3839232130153219456 -1.645336 0.029011
6897755139944897024 -2.235285 0.053723
6589892159047076096 -2.818283 0.174545
6380659528686603008 -2.132652 0.045187
5412243359495900928 -1.733289 0.051593
4055098870077726976 -1.346272 0.067951
2973954279102006656 -2.070626 0.039340
5032510629236996608 -2.077178 0.022992
5017575447402248448 -1.781695 0.058827
4870497075488741888 -2.565843 0.080346
5026371849661393664 -1.895279 0.036049
6539269990871163392 -2.155733 0.101967
4854226777298797952 -1.725471 0.053193
5021251939406481280 -1.838128 0.042370
4842417335222335104 -1.696152 0.057248
5014374081858244608 -1.920292 0.047646
6529664829085975808 -1.827129 0.032711
2497458508359533184 -2.192865 0.072214
1770039418063209600 -1.931703 0.059324
6625215584995450624 -1.509006 0.062004
2973463347160718976 -2.060652 0.038212
6565527904791301504 -0.764282 0.069704
6526559499016401408 -1.722733 0.048612
4709830423483623808 -1.937558 0.054542
3699778119760745472 -1.665548 0.077769
3626569264033312896 -2.067657 0.079817
6910611591970329216 -0.362368 0.057885
5737579706158770560 -1.784175 0.058732
4454183799545435008 -2.260981 0.028374
4410058473777585024 -1.368164 0.031794
4860671839583430912 -1.849559 0.033380
4784552718312266624 -0.693737 0.064864
2976126948438805760 -1.752785 0.062708
3486473757325180032 -2.401884 0.054995
5769986338215537280 -1.563807 0.033147
5806921716937210496 -1.588475 0.039195
6483680332235888896 -1.621235 0.055172
6787617919184986496 -1.457073 0.089845
4229920123678447232 -1.712876 0.061480
2558296724402139392 -1.628611 0.046543
3499611306368945536 -1.692857 0.060701
4352084489819078784 -0.419114 0.119108
4224859720193721856 -0.406767 0.071551
1760981190300823808 -0.544855 0.052914
1793460115244988800 -0.178757 0.041542
1191510003353849472 -0.868451 0.121120
3546458301374134528 -0.622695 0.071375
3479598373678136832 -1.473571 0.058401
3465394126556301056 -2.588606 0.104085
3464204523694392192 -0.917515 0.047442
3464231977125588736 -2.146523 0.054741
3462535705561799552 -1.928867 0.068795
3460867849501581824 -1.719349 0.042139
5384505910934827392 -1.597308 0.049029
5911972631268753792 -1.363074 0.027550
6484572104886495872 -2.035636 0.041961
3698725337376560512 -1.312064 0.050436
4467433017738606080 -1.536455 0.053246
2981136563934324224 -1.425245 0.104820
4985455998336183168 -1.395739 0.236064
5058670209887423616 -1.744860 0.048936
3604450388616968576 -1.778434 0.027549
5461994302138361728 -2.137056 0.067470
6796320308904070016 -1.416373 0.041433
2689556491246048896 -1.417030 0.041154
4344296958198114688 -1.124753 0.060683
630421935431871232 -1.415770 0.029152
5151789464548893184 -1.784158 0.039727
2381771781829913984 -1.644237 0.056515
5510293236607430656 -0.666463 0.043457
6378877082899249664 -0.389370 0.043459
4473628559603349888 -0.480036 0.084937
3839232130153219456 -1.645336 0.029011
6897755139944897024 -2.235285 0.053723
6589892159047076096 -2.818283 0.174545
