6380659528686603008 -1.977431 0.097390
5412243359495900928 -1.796929 0.069398
4055098870077726976 -1.343992 0.036711
6735230515154698880 -0.369111 0.080696
2973954279102006656 -2.015787 0.063596
5032510629236996608 -2.032191 0.053131
5017575447402248448 -1.724157 0.098054
4870497075488741888 -2.606259 0.036449
5026371849661393664 -1.839219 0.079356
6539269990871163392 -2.144102 0.081099
4854226777298797952 -1.688337 0.057519
5021251939406481280 -1.747005 0.057674
4842417335222335104 -1.595262 0.081296
5014374081858244608 -1.887335 0.035891
6529664829085975808 -1.751117 0.062720
2497458508359533184 -2.085566 0.035930
1786827307055763968 -1.619388 0.071823
2608819623000543744 -1.929560 0.058397
1770039418063209600 -1.862974 0.079190
6309626679485732608 -2.080841 0.031724
6625215584995450624 -1.490244 0.023902
2438710609949867776 -0.496951 0.070896
2973463347160718976 -1.975314 0.054230
6565527904791301504 -0.605990 0.085938
6526559499016401408 -1.665235 0.031258
4709830423483623808 -1.870773 0.059047
3699778119760745472 -1.673483 0.058736
3626569264033312896 -1.987831 0.073422
6910611591970329216 -0.311295 0.106738
6492356127518044800 -1.947067 0.101346
3677686044939929728 -1.999899 0.023968
5737579706158770560 -1.818739 0.056707
4454183799545435008 -2.247993 0.073957
4410058473777585024 -1.386386 0.034363
4860671839583430912 -1.782631 0.038749
4784552718312266624 -0.634143 0.061927
2976126948438805760 -1.744299 0.023913
3486473757325180032 -2.397202 0.057347
5769986338215537280 -1.530252 0.028452
5806921716937210496 -1.527790 0.066063
6483680332235888896 -1.589940 0.021706
6787617919184986496 -1.381219 0.049207
4229920123678447232 -1.687467 0.064094
2558296724402139392 -1.549582 0.048555
6005656897473385600 -0.298575 0.126282
5768557209320424320 -0.994177 0.051884
2336550174250087936 -1.551181 0.038179
3499611306368945536 -1.667835 0.054698
4352084489819078784 -0.101727 0.134172
3797319369672686592 -2.053622 0.043363
5773390391856998656 -1.799124 0.036086
4224859720193721856 -0.464062 0.073104
5918501428232052992 -1.185670 0.057150
1760981190300823808 -0.493861 0.058635
1793460115244988800 -0.102769 0.113338
1191510003353849472 -0.676439 0.124006
3546458301374134528 -0.632775 0.018404
3479598373678136832 -1.419469 0.037847
3465394126556301056 -2.515026 0.153475
3464204523694392192 -0.928782 0.026413
5398731873409720448 -1.810288 0.103154
3464231977125588736 -2.059376 0.094284
3462535705561799552 -1.853282 0.097554
3460867849501581824 -1.648576 0.079182
5384505910934827392 -1.484279 0.070725
6570585628216929408 -2.165855 0.028906
5911972631268753792 -1.347204 0.074430
6484572104886495872 -1.988485 0.059884
6322601191571653504 -1.893176 0.081762
2373827054405627904 -1.510588 0.008956
3698725337376560512 -1.347891 0.032714
4467433017738606080 -1.403617 0.033611
2981136563934324224 -1.392742 0.025117
4985455998336183168 -1.587165 0.124673
5058670209887423616 -1.767374 0.070657
3604450388616968576 -1.721982 0.054979
5461994302138361728 -2.228302 0.032179
6796320308904070016 -1.446973 0.012563
2689556491246048896 -1.423949 0.019286
4344296958198114688 -1.065365 0.024014
630421935431871232 -1.426202 0.021442
3915998558830693888 -1.431221 0.052233
3652665558338018048 -0.669245 0.077458
5151789464548893184 -1.736126 0.070813
3765574712337027456 -1.386851 0.099609
2381771781829913984 -1.592109 0.064879
4417888542753226112 -1.798637 0.024899
5947570591534602240 -1.252020 0.029521
5510293236607430656 -0.642460 0.037124
6378877082899249664 -0.304625 0.108637
4473628559603349888 -0.434550 0.077879
3839232130153219456 -1.594924 0.051318
6897755139944897024 -2.159869 0.105522
6836508627130440064 -2.302762 0.085229
6589892159047076096 -2.687745 0.149467
